{"name": "Проверка получения ошибки при создании курьера без поля Имя", "status": "failed", "statusDetails": {"message": "AssertionError: Status code is 201, body={'ok': True}\nassert (201 == 400)\n +  where 201 = <Response [201]>.status_code", "trace": "self = <tests.test_create_courier.TestCreateCourier object at 0x102b70bf0>\n\n    @allure.title('Проверка получения ошибки при создании курьера без поля Имя')\n    def test_create_courier_without_name_shows_error(self):\n        payload = {\n            'login': faker.user_name(),\n            'password': faker.password()\n        }\n        response = requests.post(Constants.URL_COURIER, json=payload)\n>       assert response.status_code == 400 and response.json() == Constants.BODY_NO_FIELD,\\\n            f'Status code is {response.status_code}, body={response.json()}'\nE       AssertionError: Status code is 201, body={'ok': True}\nE       assert (201 == 400)\nE        +  where 201 = <Response [201]>.status_code\n\ntests/test_create_courier.py:38: AssertionError"}, "start": 1723111272293, "stop": 1723111272527, "uuid": "1670f085-74e7-4536-a60d-2ed5d00eec50", "historyId": "f2cf4026ce74d2cdb757114b0627d8d9", "testCaseId": "f2cf4026ce74d2cdb757114b0627d8d9", "fullName": "tests.test_create_courier.TestCreateCourier#test_create_courier_without_name_shows_error", "labels": [{"name": "parentSuite", "value": "tests"}, {"name": "suite", "value": "test_create_courier"}, {"name": "subSuite", "value": "TestCreateCourier"}, {"name": "host", "value": "Nightingales-MacBook-Air.local"}, {"name": "thread", "value": "2738-MainThread"}, {"name": "framework", "value": "pytest"}, {"name": "language", "value": "cpython3"}, {"name": "package", "value": "tests.test_create_courier"}]}